Sender: LSF System <lsfadmin@host274.jc.rl.ac.uk>
Subject: Job 9848516: <ALL_OUTPUTS> in cluster <lotus> Done

Job <ALL_OUTPUTS> was submitted from host <jasmin-sci2-panfs.ceda.ac.uk> by user <esmith88> in cluster <lotus>.
Job was executed on host(s) <1*host274.jc.rl.ac.uk>, in queue <copy>, as user <esmith88> in cluster <lotus>.
                            <1*host207.jc.rl.ac.uk>
                            <1*host277.jc.rl.ac.uk>
                            <1*host206.jc.rl.ac.uk>
                            <1*host275.jc.rl.ac.uk>
                            <1*host273.jc.rl.ac.uk>
                            <1*host058.jc.rl.ac.uk>
                            <1*host217.jc.rl.ac.uk>
</home/users/esmith88> was used as the home directory.
</home/users/esmith88/roocs/outputs> was used as the working directory.
Started at Results reported on 
Your job looked like:

------------------------------------------------------------
# LSBATCH: User input
/usr/local/bin/batch_file /home/users/esmith88/roocs/character_scanner/ALL_OUTPUTS /home/users/esmith88/roocs/outputs/ALL_OUTPUTS ""
------------------------------------------------------------

Successfully completed.

Resource usage summary:

    CPU time :                                   1.34 sec.
    Max Memory :                                 -
    Average Memory :                             -
    Total Requested Memory :                     -
    Delta Memory :                               -
    Max Swap :                                   -
    Max Processes :                              -
    Max Threads :                                -
    Run time :                                   32 sec.
    Turnaround time :                            30 sec.

The output (if any) follows:

[15:07:52] NOTICE: Panasas SiteSync version: 7.2.0-1497331.3
[15:07:52] ALL: I/O ready: True
[15:07:53] NOTICE: SiteSync manager started at http://172.26.65.150:9980
[15:07:53] NOTICE: Auto-starting 8 workers
[15:08:10] NOTICE: 8 of 8 workers initialized ok
[15:08:12] NOTICE: Directory scanning is complete
[15:08:17] NOTICE: Starting hardlink resolution
[15:08:17] NOTICE: Final timestamp updates
[15:08:18] NOTICE: Saving replication state
[15:08:18] NOTICE: Replication state saved
[15:08:18] STAT: Elapsed operational time: 00h:00m:05s
[15:08:18] STAT: Number of directories visited: 419
[15:08:18] STAT: Files updated: 206
[15:08:18] STAT: Identical files skipped: 0
[15:08:18] STAT: Symlink files created: 0
[15:08:18] STAT: Hardlink files created: 0
[15:08:18] STAT: Directories removed (non-symlink): 0
[15:08:18] STAT: Files deleted: 0
[15:08:18] STAT: Failed items: 0
[15:08:18] STAT: Bytes transferred: 139.99 K
[15:08:18] STAT: Number of worker processes used: 6
[15:08:18] STAT: Overall performance: 25.91 KB/sec


PS:

Read file <9848516.err> for stderr output of this job.

