Sender: LSF System <lsfadmin@host425.jc.rl.ac.uk>
Subject: Job 9843082: </home/users/esmith88/roocs/character_scanner/scan.py -m NSF-DOE-NCAR/CESM1-FASTCHEM -exp historical -e r1i1p1 -v rh> in cluster <lotus> Done

Job </home/users/esmith88/roocs/character_scanner/scan.py -m NSF-DOE-NCAR/CESM1-FASTCHEM -exp historical -e r1i1p1 -v rh> was submitted from host <jasmin-sci2-panfs.ceda.ac.uk> by user <esmith88> in cluster <lotus>.
Job was executed on host(s) <host425.jc.rl.ac.uk>, in queue <short-serial>, as user <esmith88> in cluster <lotus>.
</home/users/esmith88> was used as the home directory.
</home/users/esmith88/roocs/character_scanner> was used as the working directory.
Started at Results reported on 
Your job looked like:

------------------------------------------------------------
# LSBATCH: User input
/home/users/esmith88/roocs/character_scanner/scan.py -m NSF-DOE-NCAR/CESM1-FASTCHEM -exp historical -e r1i1p1 -v rh
------------------------------------------------------------

Successfully completed.

Resource usage summary:

    CPU time :                                   4.11 sec.
    Max Memory :                                 63 MB
    Average Memory :                             63.00 MB
    Total Requested Memory :                     -
    Delta Memory :                               -
    Max Swap :                                   387023 MB
    Max Processes :                              3
    Max Threads :                                51
    Run time :                                   18 sec.
    Turnaround time :                            15 sec.

The output (if any) follows:

Completed job. Failure count = 0. Percentage failed = 0.0%


PS:

Read file </home/users/esmith88/roocs/character_scanner/ALL_OUTPUTS/cmip5/output1/NSF-DOE-NCAR/CESM1-FASTCHEM/historical/LOTUS_outputs/r1i1p1.err> for stderr output of this job.

